<?xml version="1.0" encoding="UTF-8"?>
<!-- Generated by org.testng.reporters.JUnitXMLReporter -->
<testsuite ignored="5" hostname="DESKTOP-4GHIVJ6" failures="0" tests="5" name="Test" time="0.12" errors="0" timestamp="2022-11-17T10:16:47 IST">
  <testcase classname="TestNGStudy.GroupingClass" name="B" time="0.02"/>
  <testcase classname="TestNGStudy.GroupingClass" name="D" time="0.003"/>
  <testcase classname="TestNGStudy.GroupingClass1" name="F" time="0.002"/>
  <testcase classname="TestNGStudy.GroupingClass1" name="H" time="0.003"/>
  <testcase classname="TestNGStudy.GroupingClass1" name="J" time="0.003"/>
  <testcase classname="TestNGStudy.GroupingClass1" name="G" time="0.0">
    <ignored/>
  </testcase> <!-- G -->
  <testcase classname="TestNGStudy.GroupingClass" name="C" time="0.0">
    <ignored/>
  </testcase> <!-- C -->
  <testcase classname="TestNGStudy.GroupingClass" name="A" time="0.0">
    <ignored/>
  </testcase> <!-- A -->
  <testcase classname="TestNGStudy.GroupingClass" name="E" time="0.0">
    <ignored/>
  </testcase> <!-- E -->
  <testcase classname="TestNGStudy.GroupingClass1" name="I" time="0.0">
    <ignored/>
  </testcase> <!-- I -->
</testsuite> <!-- Test -->
