<?xml version="1.0" encoding="UTF-8"?>
<!-- Generated by org.testng.reporters.JUnitXMLReporter -->
<testsuite ignored="4" hostname="DESKTOP-4GHIVJ6" failures="0" tests="6" name="Test" time="0.138" errors="0" timestamp="2022-11-16T21:59:04 IST">
  <testcase classname="TestNGStudy.TestNGxml" name="C" time="0.024"/>
  <testcase classname="TestNGStudy.TestNGxml" name="D" time="0.003"/>
  <testcase classname="TestNGStudy.TestNGxml" name="E" time="0.005"/>
  <testcase classname="TestNGStudy.TestNGXML2" name="G" time="0.003"/>
  <testcase classname="TestNGStudy.TestNGXML2" name="J" time="0.003"/>
  <testcase classname="TestNGStudy.TestNGXML2" name="f" time="0.005"/>
  <testcase classname="TestNGStudy.TestNGxml" name="A" time="0.0">
    <ignored/>
  </testcase> <!-- A -->
  <testcase classname="TestNGStudy.TestNGXML2" name="H" time="0.0">
    <ignored/>
  </testcase> <!-- H -->
  <testcase classname="TestNGStudy.TestNGxml" name="B" time="0.0">
    <ignored/>
  </testcase> <!-- B -->
  <testcase classname="TestNGStudy.TestNGXML2" name="I" time="0.0">
    <ignored/>
  </testcase> <!-- I -->
</testsuite> <!-- Test -->
